<?xml version="1.0" encoding="UTF-8"?>
<testsuites name="TestAll" time="150" tests="13" failures="1" errors="0">
   <testsuite name="TestAll" tests="13" failures="1" errors="0" time="150" timestamp="2018-05-10 22:51:36" hostname="frong - DESKTOP-4FO52IM" id="Test Suites/TestAll">
      <properties>
         <property name="deviceName" value=""/>
         <property name="devicePlatform" value=""/>
         <property name="logFolder" value="C:\\Users\\frong\\git\\234project-katalon\\Reports\\TestAll\\20180510_225134"/>
         <property name="logFiles" value="C:\\Users\\frong\\git\\234project-katalon\\Reports\\TestAll\\20180510_225134\\execution0.log"/>
         <property name="attachments" value=""/>
         <property name="hostName" value="frong - DESKTOP-4FO52IM"/>
         <property name="os" value="Windows 10 64bit"/>
         <property name="katalonVersion" value="5.4.1.1"/>
         <property name="browser" value="Chrome 66.0.3359.139"/>
         <property name="hostAddress" value="10.65.9.59"/>
         <property name="sessionId" value="fd62d678705904301dac197c01ba7160"/>
         <property name="seleniumVersion" value="3.7.1"/>
         <property name="proxyInformation" value="ProxyInformation{proxyOption=NO_PROXY, proxyServerType=HTTP, password=, proxyServerAddress=, proxyServerPort=0}"/>
         <property name="platform" value="Windows 10"/>
      </properties>
      <testcase name="Test Cases/Test user empty" classname="Test Cases/Test user empty" status="PASSED">
         <system-out><![CDATA[2018-05-10 22:51:36 - [TEST_CASE][PASSED] - Test Cases/Test user empty: Test Cases/Test user empty

2018-05-10 22:51:37 - [TEST_STEP][PASSED] - openBrowser: Browser is opened with url: ''

2018-05-10 22:51:40 - [MESSAGE][PASSED] - Browser is opened with url: ''

2018-05-10 22:51:40 - [TEST_STEP][PASSED] - navigateToUrl: Navigate to 'http://34.208.44.70:8087/' successfully

2018-05-10 22:51:46 - [MESSAGE][PASSED] - Navigate to 'http://34.208.44.70:8087/' successfully

2018-05-10 22:51:46 - [TEST_STEP][PASSED] - setText: Text 'afh' is set on object 'Object Repository/Test user empty/Page_ProjectBackend/input_password'

2018-05-10 22:51:46 - [MESSAGE][PASSED] - Text 'afh' is set on object 'Object Repository/Test user empty/Page_ProjectBackend/input_password'

2018-05-10 22:51:46 - [TEST_STEP][PASSED] - click: Object: 'Object Repository/Test user empty/Page_ProjectBackend/button_Login' is clicked on

2018-05-10 22:51:46 - [MESSAGE][PASSED] - Object: 'Object Repository/Test user empty/Page_ProjectBackend/button_Login' is clicked on

2018-05-10 22:51:46 - [TEST_STEP][PASSED] - click: Object: 'Object Repository/Test user empty/Page_ProjectBackend/label_Username is required' is clicked on

2018-05-10 22:51:46 - [MESSAGE][PASSED] - Object: 'Object Repository/Test user empty/Page_ProjectBackend/label_Username is required' is clicked on

2018-05-10 22:51:46 - [TEST_STEP][PASSED] - closeBrowser: Browser is closed

2018-05-10 22:51:47 - [MESSAGE][PASSED] - Browser is closed]]></system-out>
         <system-err><![CDATA[]]></system-err>
      </testcase>
      <testcase name="Test Cases/Test user empty" classname="Test Cases/Test user empty" status="PASSED">
         <system-out><![CDATA[2018-05-10 22:51:47 - [TEST_CASE][PASSED] - Test Cases/Test user empty: Test Cases/Test user empty

2018-05-10 22:51:47 - [TEST_STEP][PASSED] - openBrowser: Browser is opened with url: ''

2018-05-10 22:51:49 - [MESSAGE][PASSED] - Browser is opened with url: ''

2018-05-10 22:51:49 - [TEST_STEP][PASSED] - navigateToUrl: Navigate to 'http://34.208.44.70:8087/' successfully

2018-05-10 22:51:56 - [MESSAGE][PASSED] - Navigate to 'http://34.208.44.70:8087/' successfully

2018-05-10 22:51:56 - [TEST_STEP][PASSED] - setText: Text 'fgh' is set on object 'Object Repository/Test user empty/Page_ProjectBackend/input_password'

2018-05-10 22:51:56 - [MESSAGE][PASSED] - Text 'fgh' is set on object 'Object Repository/Test user empty/Page_ProjectBackend/input_password'

2018-05-10 22:51:56 - [TEST_STEP][PASSED] - click: Object: 'Object Repository/Test user empty/Page_ProjectBackend/button_Login' is clicked on

2018-05-10 22:51:56 - [MESSAGE][PASSED] - Object: 'Object Repository/Test user empty/Page_ProjectBackend/button_Login' is clicked on

2018-05-10 22:51:56 - [TEST_STEP][PASSED] - click: Object: 'Object Repository/Test user empty/Page_ProjectBackend/label_Username is required' is clicked on

2018-05-10 22:51:56 - [MESSAGE][PASSED] - Object: 'Object Repository/Test user empty/Page_ProjectBackend/label_Username is required' is clicked on

2018-05-10 22:51:56 - [TEST_STEP][PASSED] - closeBrowser: Browser is closed

2018-05-10 22:51:57 - [MESSAGE][PASSED] - Browser is closed]]></system-out>
         <system-err><![CDATA[]]></system-err>
      </testcase>
      <testcase name="Test Cases/Test password empty" classname="Test Cases/Test password empty" status="PASSED">
         <system-out><![CDATA[2018-05-10 22:51:57 - [TEST_CASE][PASSED] - Test Cases/Test password empty: Test Cases/Test password empty

2018-05-10 22:51:57 - [TEST_STEP][PASSED] - openBrowser: Browser is opened with url: ''

2018-05-10 22:51:59 - [MESSAGE][PASSED] - Browser is opened with url: ''

2018-05-10 22:51:59 - [TEST_STEP][PASSED] - navigateToUrl: Navigate to 'http://34.208.44.70:8087/' successfully

2018-05-10 22:52:04 - [MESSAGE][PASSED] - Navigate to 'http://34.208.44.70:8087/' successfully

2018-05-10 22:52:04 - [TEST_STEP][PASSED] - setText: Text 'ser' is set on object 'Object Repository/Test password empty/Page_ProjectBackend/input_username'

2018-05-10 22:52:05 - [MESSAGE][PASSED] - Text 'ser' is set on object 'Object Repository/Test password empty/Page_ProjectBackend/input_username'

2018-05-10 22:52:05 - [TEST_STEP][PASSED] - click: Object: 'Object Repository/Test password empty/Page_ProjectBackend/button_Login' is clicked on

2018-05-10 22:52:05 - [MESSAGE][PASSED] - Object: 'Object Repository/Test password empty/Page_ProjectBackend/button_Login' is clicked on

2018-05-10 22:52:05 - [TEST_STEP][PASSED] - click: Object: 'Object Repository/Test password empty/Page_ProjectBackend/label_Password is required' is clicked on

2018-05-10 22:52:05 - [MESSAGE][PASSED] - Object: 'Object Repository/Test password empty/Page_ProjectBackend/label_Password is required' is clicked on

2018-05-10 22:52:05 - [TEST_STEP][PASSED] - closeBrowser: Browser is closed

2018-05-10 22:52:06 - [MESSAGE][PASSED] - Browser is closed]]></system-out>
         <system-err><![CDATA[]]></system-err>
      </testcase>
      <testcase name="Test Cases/Test password empty" classname="Test Cases/Test password empty" status="PASSED">
         <system-out><![CDATA[2018-05-10 22:52:06 - [TEST_CASE][PASSED] - Test Cases/Test password empty: Test Cases/Test password empty

2018-05-10 22:52:06 - [TEST_STEP][PASSED] - openBrowser: Browser is opened with url: ''

2018-05-10 22:52:08 - [MESSAGE][PASSED] - Browser is opened with url: ''

2018-05-10 22:52:08 - [TEST_STEP][PASSED] - navigateToUrl: Navigate to 'http://34.208.44.70:8087/' successfully

2018-05-10 22:52:13 - [MESSAGE][PASSED] - Navigate to 'http://34.208.44.70:8087/' successfully

2018-05-10 22:52:13 - [TEST_STEP][PASSED] - setText: Text 'alex' is set on object 'Object Repository/Test password empty/Page_ProjectBackend/input_username'

2018-05-10 22:52:13 - [MESSAGE][PASSED] - Text 'alex' is set on object 'Object Repository/Test password empty/Page_ProjectBackend/input_username'

2018-05-10 22:52:13 - [TEST_STEP][PASSED] - click: Object: 'Object Repository/Test password empty/Page_ProjectBackend/button_Login' is clicked on

2018-05-10 22:52:13 - [MESSAGE][PASSED] - Object: 'Object Repository/Test password empty/Page_ProjectBackend/button_Login' is clicked on

2018-05-10 22:52:13 - [TEST_STEP][PASSED] - click: Object: 'Object Repository/Test password empty/Page_ProjectBackend/label_Password is required' is clicked on

2018-05-10 22:52:13 - [MESSAGE][PASSED] - Object: 'Object Repository/Test password empty/Page_ProjectBackend/label_Password is required' is clicked on

2018-05-10 22:52:13 - [TEST_STEP][PASSED] - closeBrowser: Browser is closed

2018-05-10 22:52:14 - [MESSAGE][PASSED] - Browser is closed]]></system-out>
         <system-err><![CDATA[]]></system-err>
      </testcase>
      <testcase name="Test Cases/Test admin check total transaction" classname="Test Cases/Test admin check total transaction" status="PASSED">
         <system-out><![CDATA[2018-05-10 22:52:14 - [TEST_CASE][PASSED] - Test Cases/Test admin check total transaction: Test Cases/Test admin check total transaction

2018-05-10 22:52:14 - [TEST_STEP][PASSED] - openBrowser: Browser is opened with url: ''

2018-05-10 22:52:16 - [MESSAGE][PASSED] - Browser is opened with url: ''

2018-05-10 22:52:16 - [TEST_STEP][PASSED] - navigateToUrl: Navigate to 'http://34.208.44.70:8087/' successfully

2018-05-10 22:52:23 - [MESSAGE][PASSED] - Navigate to 'http://34.208.44.70:8087/' successfully

2018-05-10 22:52:23 - [TEST_STEP][PASSED] - setText: Text 'admin' is set on object 'Object Repository/Test admin check total transaction/Page_ProjectBackend/input_username'

2018-05-10 22:52:23 - [MESSAGE][PASSED] - Text 'admin' is set on object 'Object Repository/Test admin check total transaction/Page_ProjectBackend/input_username'

2018-05-10 22:52:23 - [TEST_STEP][PASSED] - setText: Text 'admin' is set on object 'Object Repository/Test admin check total transaction/Page_ProjectBackend/input_password'

2018-05-10 22:52:23 - [MESSAGE][PASSED] - Text 'admin' is set on object 'Object Repository/Test admin check total transaction/Page_ProjectBackend/input_password'

2018-05-10 22:52:23 - [TEST_STEP][PASSED] - click: Object: 'Object Repository/Test admin check total transaction/Page_ProjectBackend/button_Login' is clicked on

2018-05-10 22:52:23 - [MESSAGE][PASSED] - Object: 'Object Repository/Test admin check total transaction/Page_ProjectBackend/button_Login' is clicked on

2018-05-10 22:52:23 - [TEST_STEP][PASSED] - click: Object: 'Object Repository/Test admin check total transaction/Page_ProjectBackend/a_Total Transaction' is clicked on

2018-05-10 22:52:24 - [MESSAGE][PASSED] - Object: 'Object Repository/Test admin check total transaction/Page_ProjectBackend/a_Total Transaction' is clicked on

2018-05-10 22:52:24 - [TEST_STEP][PASSED] - click: Object: 'Object Repository/Test admin check total transaction/Page_ProjectBackend/td_1' is clicked on

2018-05-10 22:52:25 - [MESSAGE][PASSED] - Object: 'Object Repository/Test admin check total transaction/Page_ProjectBackend/td_1' is clicked on

2018-05-10 22:52:25 - [TEST_STEP][PASSED] - click: Object: 'Object Repository/Test admin check total transaction/Page_ProjectBackend/td_Garden Papaya' is clicked on

2018-05-10 22:52:25 - [MESSAGE][PASSED] - Object: 'Object Repository/Test admin check total transaction/Page_ProjectBackend/td_Garden Papaya' is clicked on

2018-05-10 22:52:25 - [TEST_STEP][PASSED] - click: Object: 'Object Repository/Test admin check total transaction/Page_ProjectBackend/td_20120 THB' is clicked on

2018-05-10 22:52:25 - [MESSAGE][PASSED] - Object: 'Object Repository/Test admin check total transaction/Page_ProjectBackend/td_20120 THB' is clicked on

2018-05-10 22:52:25 - [TEST_STEP][PASSED] - click: Object: 'Object Repository/Test admin check total transaction/Page_ProjectBackend/td_2' is clicked on

2018-05-10 22:52:25 - [MESSAGE][PASSED] - Object: 'Object Repository/Test admin check total transaction/Page_ProjectBackend/td_2' is clicked on

2018-05-10 22:52:25 - [TEST_STEP][PASSED] - click: Object: 'Object Repository/Test admin check total transaction/Page_ProjectBackend/td_Banana Garden Banana Rambut' is clicked on

2018-05-10 22:52:25 - [MESSAGE][PASSED] - Object: 'Object Repository/Test admin check total transaction/Page_ProjectBackend/td_Banana Garden Banana Rambut' is clicked on

2018-05-10 22:52:25 - [TEST_STEP][PASSED] - click: Object: 'Object Repository/Test admin check total transaction/Page_ProjectBackend/td_60570 THB' is clicked on

2018-05-10 22:52:25 - [MESSAGE][PASSED] - Object: 'Object Repository/Test admin check total transaction/Page_ProjectBackend/td_60570 THB' is clicked on

2018-05-10 22:52:25 - [TEST_STEP][PASSED] - closeBrowser: Browser is closed

2018-05-10 22:52:26 - [MESSAGE][PASSED] - Browser is closed]]></system-out>
         <system-err><![CDATA[]]></system-err>
      </testcase>
      <testcase name="Test Cases/Test admin login" classname="Test Cases/Test admin login" status="PASSED">
         <system-out><![CDATA[2018-05-10 22:52:26 - [TEST_CASE][PASSED] - Test Cases/Test admin login: Test Cases/Test admin login

2018-05-10 22:52:26 - [TEST_STEP][PASSED] - openBrowser: Browser is opened with url: ''

2018-05-10 22:52:28 - [MESSAGE][PASSED] - Browser is opened with url: ''

2018-05-10 22:52:28 - [TEST_STEP][PASSED] - navigateToUrl: Navigate to 'http://34.208.44.70:8087/' successfully

2018-05-10 22:52:33 - [MESSAGE][PASSED] - Navigate to 'http://34.208.44.70:8087/' successfully

2018-05-10 22:52:33 - [TEST_STEP][PASSED] - setText: Text 'admin' is set on object 'Object Repository/Test admin login/Page_ProjectBackend/input_username'

2018-05-10 22:52:34 - [MESSAGE][PASSED] - Text 'admin' is set on object 'Object Repository/Test admin login/Page_ProjectBackend/input_username'

2018-05-10 22:52:34 - [TEST_STEP][PASSED] - setText: Text 'admin' is set on object 'Object Repository/Test admin login/Page_ProjectBackend/input_password'

2018-05-10 22:52:34 - [MESSAGE][PASSED] - Text 'admin' is set on object 'Object Repository/Test admin login/Page_ProjectBackend/input_password'

2018-05-10 22:52:34 - [TEST_STEP][PASSED] - click: Object: 'Object Repository/Test admin login/Page_ProjectBackend/button_Login' is clicked on

2018-05-10 22:52:34 - [MESSAGE][PASSED] - Object: 'Object Repository/Test admin login/Page_ProjectBackend/button_Login' is clicked on

2018-05-10 22:52:34 - [TEST_STEP][PASSED] - click: Object: 'Object Repository/Test admin login/Page_ProjectBackend/a_Products' is clicked on

2018-05-10 22:52:35 - [MESSAGE][PASSED] - Object: 'Object Repository/Test admin login/Page_ProjectBackend/a_Products' is clicked on

2018-05-10 22:52:35 - [TEST_STEP][PASSED] - click: Object: 'Object Repository/Test admin login/Page_ProjectBackend/a_Total Transaction' is clicked on

2018-05-10 22:52:35 - [MESSAGE][PASSED] - Object: 'Object Repository/Test admin login/Page_ProjectBackend/a_Total Transaction' is clicked on

2018-05-10 22:52:35 - [TEST_STEP][PASSED] - closeBrowser: Browser is closed

2018-05-10 22:52:36 - [MESSAGE][PASSED] - Browser is closed]]></system-out>
         <system-err><![CDATA[]]></system-err>
      </testcase>
      <testcase name="Test Cases/Test user change amount-edited" classname="Test Cases/Test user change amount-edited" status="FAILED">
         <failure type="FAILED" message="Unable to click on object 'Object Repository/Test user change amount-edited/Page_ProjectBackend/div_Well done You successfully' (Root cause: org.openqa.selenium.UnhandledAlertException: unexpected alert open: {Alert text : Are you going to add the order values 60,000 THB}
  (Session info: chrome=66.0.3359.139)
  (Driver info: chromedriver=2.35.528161 (5b82f2d2aae0ca24b877009200ced9065a772e73),platform=Windows NT 10.0.16299 x86_64) (WARNING: The server did not provide any stacktrace information)
Command duration or timeout: 0 milliseconds: null
Build info: version: '3.7.1', revision: '8a0099a', time: '2017-11-06T21:07:36.161Z'
System info: host: 'DESKTOP-4FO52IM', ip: '10.65.9.59', os.name: 'Windows 10', os.arch: 'amd64', os.version: '10.0', java.version: '1.8.0_102'
Driver info: com.kms.katalon.selenium.driver.CChromeDriver
Capabilities {acceptInsecureCerts: false, acceptSslCerts: false, applicationCacheEnabled: false, browserConnectionEnabled: false, browserName: chrome, chrome: {chromedriverVersion: 2.35.528161 (5b82f2d2aae0ca..., userDataDir: C:\Users\frong\AppData\Loca...}, cssSelectorsEnabled: true, databaseEnabled: false, handlesAlerts: true, hasTouchScreen: false, javascriptEnabled: true, locationContextEnabled: true, mobileEmulationEnabled: false, nativeEvents: true, networkConnectionEnabled: false, pageLoadStrategy: normal, platform: XP, platformName: XP, rotatable: false, setWindowRect: true, takesHeapSnapshot: true, takesScreenshot: true, unexpectedAlertBehaviour: , unhandledPromptBehavior: , version: 66.0.3359.139, webStorageEnabled: true}
Session ID: d05d0fe7a8abc47c27b5c4329b6121c6
*** Element info: {Using=xpath, value=//div[(text() = '
      Well done! You successfully added the transaction.
    ' or . = '
      Well done! You successfully added the transaction.
    ')]})"/>
         <system-out><![CDATA[2018-05-10 22:52:36 - [TEST_CASE][FAILED] - Test Cases/Test user change amount-edited: Test Cases/Test user change amount-edited FAILED because (of) Unable to click on object 'Object Repository/Test user change amount-edited/Page_ProjectBackend/div_Well done You successfully' (Root cause: org.openqa.selenium.UnhandledAlertException: unexpected alert open: {Alert text : Are you going to add the order values 60,000 THB}
  (Session info: chrome=66.0.3359.139)
  (Driver info: chromedriver=2.35.528161 (5b82f2d2aae0ca24b877009200ced9065a772e73),platform=Windows NT 10.0.16299 x86_64) (WARNING: The server did not provide any stacktrace information)
Command duration or timeout: 0 milliseconds: null
Build info: version: '3.7.1', revision: '8a0099a', time: '2017-11-06T21:07:36.161Z'
System info: host: 'DESKTOP-4FO52IM', ip: '10.65.9.59', os.name: 'Windows 10', os.arch: 'amd64', os.version: '10.0', java.version: '1.8.0_102'
Driver info: com.kms.katalon.selenium.driver.CChromeDriver
Capabilities {acceptInsecureCerts: false, acceptSslCerts: false, applicationCacheEnabled: false, browserConnectionEnabled: false, browserName: chrome, chrome: {chromedriverVersion: 2.35.528161 (5b82f2d2aae0ca..., userDataDir: C:\Users\frong\AppData\Loca...}, cssSelectorsEnabled: true, databaseEnabled: false, handlesAlerts: true, hasTouchScreen: false, javascriptEnabled: true, locationContextEnabled: true, mobileEmulationEnabled: false, nativeEvents: true, networkConnectionEnabled: false, pageLoadStrategy: normal, platform: XP, platformName: XP, rotatable: false, setWindowRect: true, takesHeapSnapshot: true, takesScreenshot: true, unexpectedAlertBehaviour: , unhandledPromptBehavior: , version: 66.0.3359.139, webStorageEnabled: true}
Session ID: d05d0fe7a8abc47c27b5c4329b6121c6
*** Element info: {Using=xpath, value=//div[(text() = '
      Well done! You successfully added the transaction.
    ' or . = '
      Well done! You successfully added the transaction.
    ')]})

2018-05-10 22:52:36 - [TEST_STEP][PASSED] - openBrowser: Browser is opened with url: ''

2018-05-10 22:52:39 - [MESSAGE][PASSED] - Browser is opened with url: ''

2018-05-10 22:52:39 - [TEST_STEP][PASSED] - navigateToUrl: Navigate to 'http://34.208.44.70:8087/' successfully

2018-05-10 22:52:44 - [MESSAGE][PASSED] - Navigate to 'http://34.208.44.70:8087/' successfully

2018-05-10 22:52:44 - [TEST_STEP][PASSED] - setText: Text 'user' is set on object 'Object Repository/Test user change amount-edited/Page_ProjectBackend/input_username'

2018-05-10 22:52:44 - [MESSAGE][PASSED] - Text 'user' is set on object 'Object Repository/Test user change amount-edited/Page_ProjectBackend/input_username'

2018-05-10 22:52:44 - [TEST_STEP][PASSED] - setText: Text 'user' is set on object 'Object Repository/Test user change amount-edited/Page_ProjectBackend/input_password'

2018-05-10 22:52:44 - [MESSAGE][PASSED] - Text 'user' is set on object 'Object Repository/Test user change amount-edited/Page_ProjectBackend/input_password'

2018-05-10 22:52:44 - [TEST_STEP][PASSED] - click: Object: 'Object Repository/Test user change amount-edited/Page_ProjectBackend/button_Login' is clicked on

2018-05-10 22:52:44 - [MESSAGE][PASSED] - Object: 'Object Repository/Test user change amount-edited/Page_ProjectBackend/button_Login' is clicked on

2018-05-10 22:52:44 - [TEST_STEP][PASSED] - click: Object: 'Object Repository/Test user change amount-edited/Page_ProjectBackend/button_add to cart' is clicked on

2018-05-10 22:52:45 - [MESSAGE][PASSED] - Object: 'Object Repository/Test user change amount-edited/Page_ProjectBackend/button_add to cart' is clicked on

2018-05-10 22:52:45 - [TEST_STEP][PASSED] - click: Object: 'Object Repository/Test user change amount-edited/Page_ProjectBackend/a_Carts            1' is clicked on

2018-05-10 22:52:45 - [MESSAGE][PASSED] - Object: 'Object Repository/Test user change amount-edited/Page_ProjectBackend/a_Carts            1' is clicked on

2018-05-10 22:52:45 - [TEST_STEP][PASSED] - setText: Text '3' is set on object 'Object Repository/Test user change amount-edited/Page_ProjectBackend/input_amount'

2018-05-10 22:52:45 - [MESSAGE][PASSED] - Text '3' is set on object 'Object Repository/Test user change amount-edited/Page_ProjectBackend/input_amount'

2018-05-10 22:52:45 - [TEST_STEP][PASSED] - click: Object: 'Object Repository/Test user change amount-edited/Page_ProjectBackend/p_Total price  60000 THB' is clicked on

2018-05-10 22:52:45 - [MESSAGE][PASSED] - Object: 'Object Repository/Test user change amount-edited/Page_ProjectBackend/p_Total price  60000 THB' is clicked on

2018-05-10 22:52:45 - [TEST_STEP][PASSED] - click: Object: 'Object Repository/Test user change amount-edited/Page_ProjectBackend/button_confirm' is clicked on

2018-05-10 22:52:46 - [MESSAGE][PASSED] - Object: 'Object Repository/Test user change amount-edited/Page_ProjectBackend/button_confirm' is clicked on

2018-05-10 22:52:46 - [TEST_STEP][FAILED] - click: Unable to click on object 'Object Repository/Test user change amount-edited/Page_ProjectBackend/div_Well done You successfully' (Root cause: org.openqa.selenium.UnhandledAlertException: unexpected alert open: {Alert text : Are you going to add the order values 60,000 THB}
  (Session info: chrome=66.0.3359.139)
  (Driver info: chromedriver=2.35.528161 (5b82f2d2aae0ca24b877009200ced9065a772e73),platform=Windows NT 10.0.16299 x86_64) (WARNING: The server did not provide any stacktrace information)
Command duration or timeout: 0 milliseconds: null
Build info: version: '3.7.1', revision: '8a0099a', time: '2017-11-06T21:07:36.161Z'
System info: host: 'DESKTOP-4FO52IM', ip: '10.65.9.59', os.name: 'Windows 10', os.arch: 'amd64', os.version: '10.0', java.version: '1.8.0_102'
Driver info: com.kms.katalon.selenium.driver.CChromeDriver
Capabilities {acceptInsecureCerts: false, acceptSslCerts: false, applicationCacheEnabled: false, browserConnectionEnabled: false, browserName: chrome, chrome: {chromedriverVersion: 2.35.528161 (5b82f2d2aae0ca..., userDataDir: C:\Users\frong\AppData\Loca...}, cssSelectorsEnabled: true, databaseEnabled: false, handlesAlerts: true, hasTouchScreen: false, javascriptEnabled: true, locationContextEnabled: true, mobileEmulationEnabled: false, nativeEvents: true, networkConnectionEnabled: false, pageLoadStrategy: normal, platform: XP, platformName: XP, rotatable: false, setWindowRect: true, takesHeapSnapshot: true, takesScreenshot: true, unexpectedAlertBehaviour: , unhandledPromptBehavior: , version: 66.0.3359.139, webStorageEnabled: true}
Session ID: d05d0fe7a8abc47c27b5c4329b6121c6
*** Element info: {Using=xpath, value=//div[(text() = '
      Well done! You successfully added the transaction.
    ' or . = '
      Well done! You successfully added the transaction.
    ')]})

2018-05-10 22:52:46 - [MESSAGE][WARNING] - Cannot take screenshot

2018-05-10 22:52:46 - [MESSAGE][FAILED] - Unable to click on object 'Object Repository/Test user change amount-edited/Page_ProjectBackend/div_Well done You successfully' (Root cause: org.openqa.selenium.UnhandledAlertException: unexpected alert open: {Alert text : Are you going to add the order values 60,000 THB}
  (Session info: chrome=66.0.3359.139)
  (Driver info: chromedriver=2.35.528161 (5b82f2d2aae0ca24b877009200ced9065a772e73),platform=Windows NT 10.0.16299 x86_64) (WARNING: The server did not provide any stacktrace information)
Command duration or timeout: 0 milliseconds: null
Build info: version: '3.7.1', revision: '8a0099a', time: '2017-11-06T21:07:36.161Z'
System info: host: 'DESKTOP-4FO52IM', ip: '10.65.9.59', os.name: 'Windows 10', os.arch: 'amd64', os.version: '10.0', java.version: '1.8.0_102'
Driver info: com.kms.katalon.selenium.driver.CChromeDriver
Capabilities {acceptInsecureCerts: false, acceptSslCerts: false, applicationCacheEnabled: false, browserConnectionEnabled: false, browserName: chrome, chrome: {chromedriverVersion: 2.35.528161 (5b82f2d2aae0ca..., userDataDir: C:\Users\frong\AppData\Loca...}, cssSelectorsEnabled: true, databaseEnabled: false, handlesAlerts: true, hasTouchScreen: false, javascriptEnabled: true, locationContextEnabled: true, mobileEmulationEnabled: false, nativeEvents: true, networkConnectionEnabled: false, pageLoadStrategy: normal, platform: XP, platformName: XP, rotatable: false, setWindowRect: true, takesHeapSnapshot: true, takesScreenshot: true, unexpectedAlertBehaviour: , unhandledPromptBehavior: , version: 66.0.3359.139, webStorageEnabled: true}
Session ID: d05d0fe7a8abc47c27b5c4329b6121c6
*** Element info: {Using=xpath, value=//div[(text() = '
      Well done! You successfully added the transaction.
    ' or . = '
      Well done! You successfully added the transaction.
    ')]})]]></system-out>
         <system-err><![CDATA[2018-05-10 22:52:36 - [TEST_CASE][FAILED] - Test Cases/Test user change amount-edited: Test Cases/Test user change amount-edited FAILED because (of) Unable to click on object 'Object Repository/Test user change amount-edited/Page_ProjectBackend/div_Well done You successfully' (Root cause: org.openqa.selenium.UnhandledAlertException: unexpected alert open: {Alert text : Are you going to add the order values 60,000 THB}
  (Session info: chrome=66.0.3359.139)
  (Driver info: chromedriver=2.35.528161 (5b82f2d2aae0ca24b877009200ced9065a772e73),platform=Windows NT 10.0.16299 x86_64) (WARNING: The server did not provide any stacktrace information)
Command duration or timeout: 0 milliseconds: null
Build info: version: '3.7.1', revision: '8a0099a', time: '2017-11-06T21:07:36.161Z'
System info: host: 'DESKTOP-4FO52IM', ip: '10.65.9.59', os.name: 'Windows 10', os.arch: 'amd64', os.version: '10.0', java.version: '1.8.0_102'
Driver info: com.kms.katalon.selenium.driver.CChromeDriver
Capabilities {acceptInsecureCerts: false, acceptSslCerts: false, applicationCacheEnabled: false, browserConnectionEnabled: false, browserName: chrome, chrome: {chromedriverVersion: 2.35.528161 (5b82f2d2aae0ca..., userDataDir: C:\Users\frong\AppData\Loca...}, cssSelectorsEnabled: true, databaseEnabled: false, handlesAlerts: true, hasTouchScreen: false, javascriptEnabled: true, locationContextEnabled: true, mobileEmulationEnabled: false, nativeEvents: true, networkConnectionEnabled: false, pageLoadStrategy: normal, platform: XP, platformName: XP, rotatable: false, setWindowRect: true, takesHeapSnapshot: true, takesScreenshot: true, unexpectedAlertBehaviour: , unhandledPromptBehavior: , version: 66.0.3359.139, webStorageEnabled: true}
Session ID: d05d0fe7a8abc47c27b5c4329b6121c6
*** Element info: {Using=xpath, value=//div[(text() = '
      Well done! You successfully added the transaction.
    ' or . = '
      Well done! You successfully added the transaction.
    ')]})]]></system-err>
      </testcase>
      <testcase name="Test Cases/Test user login" classname="Test Cases/Test user login" status="PASSED">
         <system-out><![CDATA[2018-05-10 22:52:46 - [TEST_CASE][PASSED] - Test Cases/Test user login: Test Cases/Test user login

2018-05-10 22:52:46 - [TEST_STEP][PASSED] - openBrowser: Browser is opened with url: ''

2018-05-10 22:52:46 - [MESSAGE][WARNING] - A browser is already opened. Closing browser and opening a new one

2018-05-10 22:52:49 - [MESSAGE][PASSED] - Browser is opened with url: ''

2018-05-10 22:52:49 - [TEST_STEP][PASSED] - navigateToUrl: Navigate to 'http://34.208.44.70:8087/' successfully

2018-05-10 22:52:54 - [MESSAGE][PASSED] - Navigate to 'http://34.208.44.70:8087/' successfully

2018-05-10 22:52:54 - [TEST_STEP][PASSED] - setText: Text 'user' is set on object 'Object Repository/Test user login/Page_ProjectBackend/input_username'

2018-05-10 22:52:54 - [MESSAGE][PASSED] - Text 'user' is set on object 'Object Repository/Test user login/Page_ProjectBackend/input_username'

2018-05-10 22:52:54 - [TEST_STEP][PASSED] - setText: Text 'user' is set on object 'Object Repository/Test user login/Page_ProjectBackend/input_password'

2018-05-10 22:52:54 - [MESSAGE][PASSED] - Text 'user' is set on object 'Object Repository/Test user login/Page_ProjectBackend/input_password'

2018-05-10 22:52:54 - [TEST_STEP][PASSED] - click: Object: 'Object Repository/Test user login/Page_ProjectBackend/button_Login' is clicked on

2018-05-10 22:52:55 - [MESSAGE][PASSED] - Object: 'Object Repository/Test user login/Page_ProjectBackend/button_Login' is clicked on

2018-05-10 22:52:55 - [TEST_STEP][PASSED] - click: Object: 'Object Repository/Test user login/Page_ProjectBackend/a_Products' is clicked on

2018-05-10 22:52:56 - [MESSAGE][PASSED] - Object: 'Object Repository/Test user login/Page_ProjectBackend/a_Products' is clicked on

2018-05-10 22:52:56 - [TEST_STEP][PASSED] - click: Object: 'Object Repository/Test user login/Page_ProjectBackend/a_Carts' is clicked on

2018-05-10 22:52:56 - [MESSAGE][PASSED] - Object: 'Object Repository/Test user login/Page_ProjectBackend/a_Carts' is clicked on

2018-05-10 22:52:56 - [TEST_STEP][PASSED] - closeBrowser: Browser is closed

2018-05-10 22:52:57 - [MESSAGE][PASSED] - Browser is closed]]></system-out>
         <system-err><![CDATA[]]></system-err>
      </testcase>
      <testcase name="Test Cases/Test user logout" classname="Test Cases/Test user logout" status="PASSED">
         <system-out><![CDATA[2018-05-10 22:52:57 - [TEST_CASE][PASSED] - Test Cases/Test user logout: Test Cases/Test user logout

2018-05-10 22:52:57 - [TEST_STEP][PASSED] - openBrowser: Browser is opened with url: ''

2018-05-10 22:52:59 - [MESSAGE][PASSED] - Browser is opened with url: ''

2018-05-10 22:52:59 - [TEST_STEP][PASSED] - navigateToUrl: Navigate to 'http://34.208.44.70:8087/' successfully

2018-05-10 22:53:04 - [MESSAGE][PASSED] - Navigate to 'http://34.208.44.70:8087/' successfully

2018-05-10 22:53:04 - [TEST_STEP][PASSED] - setText: Text 'user' is set on object 'Object Repository/Test user logout/Page_ProjectBackend/input_username'

2018-05-10 22:53:04 - [MESSAGE][PASSED] - Text 'user' is set on object 'Object Repository/Test user logout/Page_ProjectBackend/input_username'

2018-05-10 22:53:04 - [TEST_STEP][PASSED] - setText: Text 'user' is set on object 'Object Repository/Test user logout/Page_ProjectBackend/input_password'

2018-05-10 22:53:04 - [MESSAGE][PASSED] - Text 'user' is set on object 'Object Repository/Test user logout/Page_ProjectBackend/input_password'

2018-05-10 22:53:04 - [TEST_STEP][PASSED] - click: Object: 'Object Repository/Test user logout/Page_ProjectBackend/button_Login' is clicked on

2018-05-10 22:53:04 - [MESSAGE][PASSED] - Object: 'Object Repository/Test user logout/Page_ProjectBackend/button_Login' is clicked on

2018-05-10 22:53:04 - [TEST_STEP][PASSED] - click: Object: 'Object Repository/Test user logout/Page_ProjectBackend/button_Logout' is clicked on

2018-05-10 22:53:06 - [MESSAGE][PASSED] - Object: 'Object Repository/Test user logout/Page_ProjectBackend/button_Logout' is clicked on

2018-05-10 22:53:06 - [TEST_STEP][PASSED] - click: Object: 'Object Repository/Test user logout/Page_ProjectBackend/h2_Login' is clicked on

2018-05-10 22:53:06 - [MESSAGE][PASSED] - Object: 'Object Repository/Test user logout/Page_ProjectBackend/h2_Login' is clicked on

2018-05-10 22:53:06 - [TEST_STEP][PASSED] - closeBrowser: Browser is closed

2018-05-10 22:53:07 - [MESSAGE][PASSED] - Browser is closed]]></system-out>
         <system-err><![CDATA[]]></system-err>
      </testcase>
      <testcase name="Test Cases/Test user logout" classname="Test Cases/Test user logout" status="PASSED">
         <system-out><![CDATA[2018-05-10 22:53:07 - [TEST_CASE][PASSED] - Test Cases/Test user logout: Test Cases/Test user logout

2018-05-10 22:53:07 - [TEST_STEP][PASSED] - openBrowser: Browser is opened with url: ''

2018-05-10 22:53:09 - [MESSAGE][PASSED] - Browser is opened with url: ''

2018-05-10 22:53:09 - [TEST_STEP][PASSED] - navigateToUrl: Navigate to 'http://34.208.44.70:8087/' successfully

2018-05-10 22:53:14 - [MESSAGE][PASSED] - Navigate to 'http://34.208.44.70:8087/' successfully

2018-05-10 22:53:14 - [TEST_STEP][PASSED] - setText: Text 'admin' is set on object 'Object Repository/Test user logout/Page_ProjectBackend/input_username'

2018-05-10 22:53:14 - [MESSAGE][PASSED] - Text 'admin' is set on object 'Object Repository/Test user logout/Page_ProjectBackend/input_username'

2018-05-10 22:53:14 - [TEST_STEP][PASSED] - setText: Text 'admin' is set on object 'Object Repository/Test user logout/Page_ProjectBackend/input_password'

2018-05-10 22:53:14 - [MESSAGE][PASSED] - Text 'admin' is set on object 'Object Repository/Test user logout/Page_ProjectBackend/input_password'

2018-05-10 22:53:14 - [TEST_STEP][PASSED] - click: Object: 'Object Repository/Test user logout/Page_ProjectBackend/button_Login' is clicked on

2018-05-10 22:53:15 - [MESSAGE][PASSED] - Object: 'Object Repository/Test user logout/Page_ProjectBackend/button_Login' is clicked on

2018-05-10 22:53:15 - [TEST_STEP][PASSED] - click: Object: 'Object Repository/Test user logout/Page_ProjectBackend/button_Logout' is clicked on

2018-05-10 22:53:16 - [MESSAGE][PASSED] - Object: 'Object Repository/Test user logout/Page_ProjectBackend/button_Logout' is clicked on

2018-05-10 22:53:16 - [TEST_STEP][PASSED] - click: Object: 'Object Repository/Test user logout/Page_ProjectBackend/h2_Login' is clicked on

2018-05-10 22:53:16 - [MESSAGE][PASSED] - Object: 'Object Repository/Test user logout/Page_ProjectBackend/h2_Login' is clicked on

2018-05-10 22:53:16 - [TEST_STEP][PASSED] - closeBrowser: Browser is closed

2018-05-10 22:53:17 - [MESSAGE][PASSED] - Browser is closed]]></system-out>
         <system-err><![CDATA[]]></system-err>
      </testcase>
      <testcase name="Test Cases/Test user see available product" classname="Test Cases/Test user see available product" status="PASSED">
         <system-out><![CDATA[2018-05-10 22:53:17 - [TEST_CASE][PASSED] - Test Cases/Test user see available product: Test Cases/Test user see available product

2018-05-10 22:53:17 - [TEST_STEP][PASSED] - openBrowser: Browser is opened with url: ''

2018-05-10 22:53:19 - [MESSAGE][PASSED] - Browser is opened with url: ''

2018-05-10 22:53:19 - [TEST_STEP][PASSED] - navigateToUrl: Navigate to 'http://34.208.44.70:8087/' successfully

2018-05-10 22:53:25 - [MESSAGE][PASSED] - Navigate to 'http://34.208.44.70:8087/' successfully

2018-05-10 22:53:25 - [TEST_STEP][PASSED] - setText: Text 'user' is set on object 'Object Repository/Test user see available product/Page_ProjectBackend/input_username'

2018-05-10 22:53:25 - [MESSAGE][PASSED] - Text 'user' is set on object 'Object Repository/Test user see available product/Page_ProjectBackend/input_username'

2018-05-10 22:53:25 - [TEST_STEP][PASSED] - setText: Text 'user' is set on object 'Object Repository/Test user see available product/Page_ProjectBackend/input_password'

2018-05-10 22:53:25 - [MESSAGE][PASSED] - Text 'user' is set on object 'Object Repository/Test user see available product/Page_ProjectBackend/input_password'

2018-05-10 22:53:25 - [TEST_STEP][PASSED] - click: Object: 'Object Repository/Test user see available product/Page_ProjectBackend/button_Login' is clicked on

2018-05-10 22:53:25 - [MESSAGE][PASSED] - Object: 'Object Repository/Test user see available product/Page_ProjectBackend/button_Login' is clicked on

2018-05-10 22:53:25 - [TEST_STEP][PASSED] - click: Object: 'Object Repository/Test user see available product/Page_ProjectBackend/h5_Garden' is clicked on

2018-05-10 22:53:27 - [MESSAGE][PASSED] - Object: 'Object Repository/Test user see available product/Page_ProjectBackend/h5_Garden' is clicked on

2018-05-10 22:53:27 - [TEST_STEP][PASSED] - click: Object: 'Object Repository/Test user see available product/Page_ProjectBackend/p_The garden which you can gro' is clicked on

2018-05-10 22:53:27 - [MESSAGE][PASSED] - Object: 'Object Repository/Test user see available product/Page_ProjectBackend/p_The garden which you can gro' is clicked on

2018-05-10 22:53:27 - [TEST_STEP][PASSED] - click: Object: 'Object Repository/Test user see available product/Page_ProjectBackend/h5_Banana' is clicked on

2018-05-10 22:53:27 - [MESSAGE][PASSED] - Object: 'Object Repository/Test user see available product/Page_ProjectBackend/h5_Banana' is clicked on

2018-05-10 22:53:27 - [TEST_STEP][PASSED] - click: Object: 'Object Repository/Test user see available product/Page_ProjectBackend/p_A good fruit with very cheap' is clicked on

2018-05-10 22:53:27 - [MESSAGE][PASSED] - Object: 'Object Repository/Test user see available product/Page_ProjectBackend/p_A good fruit with very cheap' is clicked on

2018-05-10 22:53:27 - [TEST_STEP][PASSED] - closeBrowser: Browser is closed

2018-05-10 22:53:28 - [MESSAGE][PASSED] - Browser is closed]]></system-out>
         <system-err><![CDATA[]]></system-err>
      </testcase>
      <testcase name="Test Cases/Test user see available product" classname="Test Cases/Test user see available product" status="PASSED">
         <system-out><![CDATA[2018-05-10 22:53:28 - [TEST_CASE][PASSED] - Test Cases/Test user see available product: Test Cases/Test user see available product

2018-05-10 22:53:28 - [TEST_STEP][PASSED] - openBrowser: Browser is opened with url: ''

2018-05-10 22:53:30 - [MESSAGE][PASSED] - Browser is opened with url: ''

2018-05-10 22:53:30 - [TEST_STEP][PASSED] - navigateToUrl: Navigate to 'http://34.208.44.70:8087/' successfully

2018-05-10 22:53:41 - [MESSAGE][PASSED] - Navigate to 'http://34.208.44.70:8087/' successfully

2018-05-10 22:53:41 - [TEST_STEP][PASSED] - setText: Text 'admin' is set on object 'Object Repository/Test user see available product/Page_ProjectBackend/input_username'

2018-05-10 22:53:41 - [MESSAGE][PASSED] - Text 'admin' is set on object 'Object Repository/Test user see available product/Page_ProjectBackend/input_username'

2018-05-10 22:53:41 - [TEST_STEP][PASSED] - setText: Text 'admin' is set on object 'Object Repository/Test user see available product/Page_ProjectBackend/input_password'

2018-05-10 22:53:42 - [MESSAGE][PASSED] - Text 'admin' is set on object 'Object Repository/Test user see available product/Page_ProjectBackend/input_password'

2018-05-10 22:53:42 - [TEST_STEP][PASSED] - click: Object: 'Object Repository/Test user see available product/Page_ProjectBackend/button_Login' is clicked on

2018-05-10 22:53:42 - [MESSAGE][PASSED] - Object: 'Object Repository/Test user see available product/Page_ProjectBackend/button_Login' is clicked on

2018-05-10 22:53:42 - [TEST_STEP][PASSED] - click: Object: 'Object Repository/Test user see available product/Page_ProjectBackend/h5_Garden' is clicked on

2018-05-10 22:53:43 - [MESSAGE][PASSED] - Object: 'Object Repository/Test user see available product/Page_ProjectBackend/h5_Garden' is clicked on

2018-05-10 22:53:43 - [TEST_STEP][PASSED] - click: Object: 'Object Repository/Test user see available product/Page_ProjectBackend/p_The garden which you can gro' is clicked on

2018-05-10 22:53:44 - [MESSAGE][PASSED] - Object: 'Object Repository/Test user see available product/Page_ProjectBackend/p_The garden which you can gro' is clicked on

2018-05-10 22:53:44 - [TEST_STEP][PASSED] - click: Object: 'Object Repository/Test user see available product/Page_ProjectBackend/h5_Banana' is clicked on

2018-05-10 22:53:44 - [MESSAGE][PASSED] - Object: 'Object Repository/Test user see available product/Page_ProjectBackend/h5_Banana' is clicked on

2018-05-10 22:53:44 - [TEST_STEP][PASSED] - click: Object: 'Object Repository/Test user see available product/Page_ProjectBackend/p_A good fruit with very cheap' is clicked on

2018-05-10 22:53:44 - [MESSAGE][PASSED] - Object: 'Object Repository/Test user see available product/Page_ProjectBackend/p_A good fruit with very cheap' is clicked on

2018-05-10 22:53:44 - [TEST_STEP][PASSED] - closeBrowser: Browser is closed

2018-05-10 22:53:45 - [MESSAGE][PASSED] - Browser is closed]]></system-out>
         <system-err><![CDATA[]]></system-err>
      </testcase>
      <testcase name="Test Cases/Test user selecte product" classname="Test Cases/Test user selecte product" status="PASSED">
         <system-out><![CDATA[2018-05-10 22:53:45 - [TEST_CASE][PASSED] - Test Cases/Test user selecte product: Test Cases/Test user selecte product

2018-05-10 22:53:45 - [TEST_STEP][PASSED] - openBrowser: Browser is opened with url: ''

2018-05-10 22:53:47 - [MESSAGE][PASSED] - Browser is opened with url: ''

2018-05-10 22:53:47 - [TEST_STEP][PASSED] - navigateToUrl: Navigate to 'http://34.208.44.70:8087/' successfully

2018-05-10 22:53:52 - [MESSAGE][PASSED] - Navigate to 'http://34.208.44.70:8087/' successfully

2018-05-10 22:53:52 - [TEST_STEP][PASSED] - setText: Text 'user' is set on object 'Object Repository/Test user select product/Page_ProjectBackend/input_username'

2018-05-10 22:53:52 - [MESSAGE][PASSED] - Text 'user' is set on object 'Object Repository/Test user select product/Page_ProjectBackend/input_username'

2018-05-10 22:53:52 - [TEST_STEP][PASSED] - setText: Text 'user' is set on object 'Object Repository/Test user select product/Page_ProjectBackend/input_password'

2018-05-10 22:53:52 - [MESSAGE][PASSED] - Text 'user' is set on object 'Object Repository/Test user select product/Page_ProjectBackend/input_password'

2018-05-10 22:53:52 - [TEST_STEP][PASSED] - click: Object: 'Object Repository/Test user select product/Page_ProjectBackend/button_Login' is clicked on

2018-05-10 22:53:53 - [MESSAGE][PASSED] - Object: 'Object Repository/Test user select product/Page_ProjectBackend/button_Login' is clicked on

2018-05-10 22:53:53 - [TEST_STEP][PASSED] - click: Object: 'Object Repository/Test user select product/Page_ProjectBackend/button_add to cart' is clicked on

2018-05-10 22:53:54 - [MESSAGE][PASSED] - Object: 'Object Repository/Test user select product/Page_ProjectBackend/button_add to cart' is clicked on

2018-05-10 22:53:54 - [TEST_STEP][PASSED] - click: Object: 'Object Repository/Test user select product/Page_ProjectBackend/a_Carts            1' is clicked on

2018-05-10 22:53:54 - [MESSAGE][PASSED] - Object: 'Object Repository/Test user select product/Page_ProjectBackend/a_Carts            1' is clicked on

2018-05-10 22:53:54 - [TEST_STEP][PASSED] - click: Object: 'Object Repository/Test user select product/Page_ProjectBackend/th_1' is clicked on

2018-05-10 22:53:54 - [MESSAGE][PASSED] - Object: 'Object Repository/Test user select product/Page_ProjectBackend/th_1' is clicked on

2018-05-10 22:53:54 - [TEST_STEP][PASSED] - closeBrowser: Browser is closed

2018-05-10 22:53:55 - [MESSAGE][PASSED] - Browser is closed]]></system-out>
         <system-err><![CDATA[]]></system-err>
      </testcase>
      <testcase name="Test Cases/Test wrong user and password" classname="Test Cases/Test wrong user and password" status="PASSED">
         <system-out><![CDATA[2018-05-10 22:53:55 - [TEST_CASE][PASSED] - Test Cases/Test wrong user and password: Test Cases/Test wrong user and password

2018-05-10 22:53:55 - [TEST_STEP][PASSED] - openBrowser: Browser is opened with url: ''

2018-05-10 22:53:57 - [MESSAGE][PASSED] - Browser is opened with url: ''

2018-05-10 22:53:57 - [TEST_STEP][PASSED] - navigateToUrl: Navigate to 'http://34.208.44.70:8087/' successfully

2018-05-10 22:54:04 - [MESSAGE][PASSED] - Navigate to 'http://34.208.44.70:8087/' successfully

2018-05-10 22:54:04 - [TEST_STEP][PASSED] - setText: Text 'hgt' is set on object 'Object Repository/Test user and psaaword/Page_ProjectBackend/input_username'

2018-05-10 22:54:04 - [MESSAGE][PASSED] - Text 'hgt' is set on object 'Object Repository/Test user and psaaword/Page_ProjectBackend/input_username'

2018-05-10 22:54:04 - [TEST_STEP][PASSED] - setText: Text '5578' is set on object 'Object Repository/Test user and psaaword/Page_ProjectBackend/input_password'

2018-05-10 22:54:04 - [MESSAGE][PASSED] - Text '5578' is set on object 'Object Repository/Test user and psaaword/Page_ProjectBackend/input_password'

2018-05-10 22:54:04 - [TEST_STEP][PASSED] - click: Object: 'Object Repository/Test user and psaaword/Page_ProjectBackend/button_Login' is clicked on

2018-05-10 22:54:04 - [MESSAGE][PASSED] - Object: 'Object Repository/Test user and psaaword/Page_ProjectBackend/button_Login' is clicked on

2018-05-10 22:54:04 - [TEST_STEP][PASSED] - click: Object: 'Object Repository/Test user and psaaword/Page_ProjectBackend/label_Usernamepassword is inco' is clicked on

2018-05-10 22:54:05 - [MESSAGE][PASSED] - Object: 'Object Repository/Test user and psaaword/Page_ProjectBackend/label_Usernamepassword is inco' is clicked on

2018-05-10 22:54:05 - [TEST_STEP][PASSED] - closeBrowser: Browser is closed

2018-05-10 22:54:06 - [MESSAGE][PASSED] - Browser is closed]]></system-out>
         <system-err><![CDATA[]]></system-err>
      </testcase>
      <system-out><![CDATA[2018-05-10 22:51:36 - [TEST_SUITE][FAILED] - TestAll: Test Cases/Test user change amount-edited FAILED because (of) Unable to click on object 'Object Repository/Test user change amount-edited/Page_ProjectBackend/div_Well done You successfully' (Root cause: org.openqa.selenium.UnhandledAlertException: unexpected alert open: {Alert text : Are you going to add the order values 60,000 THB}
  (Session info: chrome=66.0.3359.139)
  (Driver info: chromedriver=2.35.528161 (5b82f2d2aae0ca24b877009200ced9065a772e73),platform=Windows NT 10.0.16299 x86_64) (WARNING: The server did not provide any stacktrace information)
Command duration or timeout: 0 milliseconds: null
Build info: version: '3.7.1', revision: '8a0099a', time: '2017-11-06T21:07:36.161Z'
System info: host: 'DESKTOP-4FO52IM', ip: '10.65.9.59', os.name: 'Windows 10', os.arch: 'amd64', os.version: '10.0', java.version: '1.8.0_102'
Driver info: com.kms.katalon.selenium.driver.CChromeDriver
Capabilities {acceptInsecureCerts: false, acceptSslCerts: false, applicationCacheEnabled: false, browserConnectionEnabled: false, browserName: chrome, chrome: {chromedriverVersion: 2.35.528161 (5b82f2d2aae0ca..., userDataDir: C:\Users\frong\AppData\Loca...}, cssSelectorsEnabled: true, databaseEnabled: false, handlesAlerts: true, hasTouchScreen: false, javascriptEnabled: true, locationContextEnabled: true, mobileEmulationEnabled: false, nativeEvents: true, networkConnectionEnabled: false, pageLoadStrategy: normal, platform: XP, platformName: XP, rotatable: false, setWindowRect: true, takesHeapSnapshot: true, takesScreenshot: true, unexpectedAlertBehaviour: , unhandledPromptBehavior: , version: 66.0.3359.139, webStorageEnabled: true}
Session ID: d05d0fe7a8abc47c27b5c4329b6121c6
*** Element info: {Using=xpath, value=//div[(text() = '
      Well done! You successfully added the transaction.
    ' or . = '
      Well done! You successfully added the transaction.
    ')]})]]></system-out>
      <system-err><![CDATA[2018-05-10 22:51:36 - [TEST_SUITE][FAILED] - TestAll: Test Cases/Test user change amount-edited FAILED because (of) Unable to click on object 'Object Repository/Test user change amount-edited/Page_ProjectBackend/div_Well done You successfully' (Root cause: org.openqa.selenium.UnhandledAlertException: unexpected alert open: {Alert text : Are you going to add the order values 60,000 THB}
  (Session info: chrome=66.0.3359.139)
  (Driver info: chromedriver=2.35.528161 (5b82f2d2aae0ca24b877009200ced9065a772e73),platform=Windows NT 10.0.16299 x86_64) (WARNING: The server did not provide any stacktrace information)
Command duration or timeout: 0 milliseconds: null
Build info: version: '3.7.1', revision: '8a0099a', time: '2017-11-06T21:07:36.161Z'
System info: host: 'DESKTOP-4FO52IM', ip: '10.65.9.59', os.name: 'Windows 10', os.arch: 'amd64', os.version: '10.0', java.version: '1.8.0_102'
Driver info: com.kms.katalon.selenium.driver.CChromeDriver
Capabilities {acceptInsecureCerts: false, acceptSslCerts: false, applicationCacheEnabled: false, browserConnectionEnabled: false, browserName: chrome, chrome: {chromedriverVersion: 2.35.528161 (5b82f2d2aae0ca..., userDataDir: C:\Users\frong\AppData\Loca...}, cssSelectorsEnabled: true, databaseEnabled: false, handlesAlerts: true, hasTouchScreen: false, javascriptEnabled: true, locationContextEnabled: true, mobileEmulationEnabled: false, nativeEvents: true, networkConnectionEnabled: false, pageLoadStrategy: normal, platform: XP, platformName: XP, rotatable: false, setWindowRect: true, takesHeapSnapshot: true, takesScreenshot: true, unexpectedAlertBehaviour: , unhandledPromptBehavior: , version: 66.0.3359.139, webStorageEnabled: true}
Session ID: d05d0fe7a8abc47c27b5c4329b6121c6
*** Element info: {Using=xpath, value=//div[(text() = '
      Well done! You successfully added the transaction.
    ' or . = '
      Well done! You successfully added the transaction.
    ')]})]]></system-err>
   </testsuite>
</testsuites>
