<?xml version="1.0" encoding="UTF-8"?>
<testsuites name="TestAll" time="140" tests="13" failures="1" errors="0">
   <testsuite name="TestAll" tests="13" failures="1" errors="0" time="140" timestamp="2018-05-10 23:07:34" hostname="frong - 10.80.187.28" id="Test Suites/TestAll">
      <properties>
         <property name="deviceName" value=""/>
         <property name="devicePlatform" value=""/>
         <property name="logFolder" value="C:\\Users\\frong\\git\\234project-katalon\\Reports\\TestAll\\20180510_230732"/>
         <property name="logFiles" value="C:\\Users\\frong\\git\\234project-katalon\\Reports\\TestAll\\20180510_230732\\execution0.log"/>
         <property name="attachments" value="C:\\Users\\frong\\git\\234project-katalon\\Reports\\TestAll\\20180510_230732\\1525968580037.png, C:\\Users\\frong\\git\\234project-katalon\\Reports\\TestAll\\20180510_230732\\1525968580292.png"/>
         <property name="hostName" value="frong - 10.80.187.28"/>
         <property name="os" value="Windows 10 64bit"/>
         <property name="katalonVersion" value="5.4.1.1"/>
         <property name="browser" value="Chrome 66.0.3359.139"/>
         <property name="hostAddress" value="10.80.187.28"/>
         <property name="sessionId" value="56da204ae08b7024059b525c35659589"/>
         <property name="seleniumVersion" value="3.7.1"/>
         <property name="proxyInformation" value="ProxyInformation{proxyOption=NO_PROXY, proxyServerType=HTTP, password=, proxyServerAddress=, proxyServerPort=0}"/>
         <property name="platform" value="Windows 10"/>
      </properties>
      <testcase name="Test Cases/Test user empty" classname="Test Cases/Test user empty" status="PASSED">
         <system-out><![CDATA[2018-05-10 23:07:34 - [TEST_CASE][PASSED] - Test Cases/Test user empty: Test Cases/Test user empty

2018-05-10 23:07:34 - [TEST_STEP][PASSED] - openBrowser: Browser is opened with url: ''

2018-05-10 23:07:37 - [MESSAGE][PASSED] - Browser is opened with url: ''

2018-05-10 23:07:37 - [TEST_STEP][PASSED] - navigateToUrl: Navigate to 'http://34.208.44.70:8087/' successfully

2018-05-10 23:07:44 - [MESSAGE][PASSED] - Navigate to 'http://34.208.44.70:8087/' successfully

2018-05-10 23:07:44 - [TEST_STEP][PASSED] - setText: Text 'afh' is set on object 'Object Repository/Test user empty/Page_ProjectBackend/input_password'

2018-05-10 23:07:44 - [MESSAGE][PASSED] - Text 'afh' is set on object 'Object Repository/Test user empty/Page_ProjectBackend/input_password'

2018-05-10 23:07:44 - [TEST_STEP][PASSED] - click: Object: 'Object Repository/Test user empty/Page_ProjectBackend/button_Login' is clicked on

2018-05-10 23:07:45 - [MESSAGE][PASSED] - Object: 'Object Repository/Test user empty/Page_ProjectBackend/button_Login' is clicked on

2018-05-10 23:07:45 - [TEST_STEP][PASSED] - click: Object: 'Object Repository/Test user empty/Page_ProjectBackend/label_Username is required' is clicked on

2018-05-10 23:07:45 - [MESSAGE][PASSED] - Object: 'Object Repository/Test user empty/Page_ProjectBackend/label_Username is required' is clicked on

2018-05-10 23:07:45 - [TEST_STEP][PASSED] - closeBrowser: Browser is closed

2018-05-10 23:07:45 - [MESSAGE][PASSED] - Browser is closed]]></system-out>
         <system-err><![CDATA[]]></system-err>
      </testcase>
      <testcase name="Test Cases/Test user empty" classname="Test Cases/Test user empty" status="PASSED">
         <system-out><![CDATA[2018-05-10 23:07:45 - [TEST_CASE][PASSED] - Test Cases/Test user empty: Test Cases/Test user empty

2018-05-10 23:07:45 - [TEST_STEP][PASSED] - openBrowser: Browser is opened with url: ''

2018-05-10 23:07:47 - [MESSAGE][PASSED] - Browser is opened with url: ''

2018-05-10 23:07:47 - [TEST_STEP][PASSED] - navigateToUrl: Navigate to 'http://34.208.44.70:8087/' successfully

2018-05-10 23:07:52 - [MESSAGE][PASSED] - Navigate to 'http://34.208.44.70:8087/' successfully

2018-05-10 23:07:52 - [TEST_STEP][PASSED] - setText: Text 'fgh' is set on object 'Object Repository/Test user empty/Page_ProjectBackend/input_password'

2018-05-10 23:07:52 - [MESSAGE][PASSED] - Text 'fgh' is set on object 'Object Repository/Test user empty/Page_ProjectBackend/input_password'

2018-05-10 23:07:52 - [TEST_STEP][PASSED] - click: Object: 'Object Repository/Test user empty/Page_ProjectBackend/button_Login' is clicked on

2018-05-10 23:07:52 - [MESSAGE][PASSED] - Object: 'Object Repository/Test user empty/Page_ProjectBackend/button_Login' is clicked on

2018-05-10 23:07:52 - [TEST_STEP][PASSED] - click: Object: 'Object Repository/Test user empty/Page_ProjectBackend/label_Username is required' is clicked on

2018-05-10 23:07:52 - [MESSAGE][PASSED] - Object: 'Object Repository/Test user empty/Page_ProjectBackend/label_Username is required' is clicked on

2018-05-10 23:07:52 - [TEST_STEP][PASSED] - closeBrowser: Browser is closed

2018-05-10 23:07:53 - [MESSAGE][PASSED] - Browser is closed]]></system-out>
         <system-err><![CDATA[]]></system-err>
      </testcase>
      <testcase name="Test Cases/Test password empty" classname="Test Cases/Test password empty" status="PASSED">
         <system-out><![CDATA[2018-05-10 23:07:53 - [TEST_CASE][PASSED] - Test Cases/Test password empty: Test Cases/Test password empty

2018-05-10 23:07:53 - [TEST_STEP][PASSED] - openBrowser: Browser is opened with url: ''

2018-05-10 23:07:55 - [MESSAGE][PASSED] - Browser is opened with url: ''

2018-05-10 23:07:55 - [TEST_STEP][PASSED] - navigateToUrl: Navigate to 'http://34.208.44.70:8087/' successfully

2018-05-10 23:08:01 - [MESSAGE][PASSED] - Navigate to 'http://34.208.44.70:8087/' successfully

2018-05-10 23:08:01 - [TEST_STEP][PASSED] - setText: Text 'ser' is set on object 'Object Repository/Test password empty/Page_ProjectBackend/input_username'

2018-05-10 23:08:01 - [MESSAGE][PASSED] - Text 'ser' is set on object 'Object Repository/Test password empty/Page_ProjectBackend/input_username'

2018-05-10 23:08:01 - [TEST_STEP][PASSED] - click: Object: 'Object Repository/Test password empty/Page_ProjectBackend/button_Login' is clicked on

2018-05-10 23:08:01 - [MESSAGE][PASSED] - Object: 'Object Repository/Test password empty/Page_ProjectBackend/button_Login' is clicked on

2018-05-10 23:08:01 - [TEST_STEP][PASSED] - click: Object: 'Object Repository/Test password empty/Page_ProjectBackend/label_Password is required' is clicked on

2018-05-10 23:08:01 - [MESSAGE][PASSED] - Object: 'Object Repository/Test password empty/Page_ProjectBackend/label_Password is required' is clicked on

2018-05-10 23:08:01 - [TEST_STEP][PASSED] - closeBrowser: Browser is closed

2018-05-10 23:08:02 - [MESSAGE][PASSED] - Browser is closed]]></system-out>
         <system-err><![CDATA[]]></system-err>
      </testcase>
      <testcase name="Test Cases/Test password empty" classname="Test Cases/Test password empty" status="PASSED">
         <system-out><![CDATA[2018-05-10 23:08:02 - [TEST_CASE][PASSED] - Test Cases/Test password empty: Test Cases/Test password empty

2018-05-10 23:08:02 - [TEST_STEP][PASSED] - openBrowser: Browser is opened with url: ''

2018-05-10 23:08:04 - [MESSAGE][PASSED] - Browser is opened with url: ''

2018-05-10 23:08:04 - [TEST_STEP][PASSED] - navigateToUrl: Navigate to 'http://34.208.44.70:8087/' successfully

2018-05-10 23:08:09 - [MESSAGE][PASSED] - Navigate to 'http://34.208.44.70:8087/' successfully

2018-05-10 23:08:09 - [TEST_STEP][PASSED] - setText: Text 'alex' is set on object 'Object Repository/Test password empty/Page_ProjectBackend/input_username'

2018-05-10 23:08:09 - [MESSAGE][PASSED] - Text 'alex' is set on object 'Object Repository/Test password empty/Page_ProjectBackend/input_username'

2018-05-10 23:08:09 - [TEST_STEP][PASSED] - click: Object: 'Object Repository/Test password empty/Page_ProjectBackend/button_Login' is clicked on

2018-05-10 23:08:09 - [MESSAGE][PASSED] - Object: 'Object Repository/Test password empty/Page_ProjectBackend/button_Login' is clicked on

2018-05-10 23:08:09 - [TEST_STEP][PASSED] - click: Object: 'Object Repository/Test password empty/Page_ProjectBackend/label_Password is required' is clicked on

2018-05-10 23:08:09 - [MESSAGE][PASSED] - Object: 'Object Repository/Test password empty/Page_ProjectBackend/label_Password is required' is clicked on

2018-05-10 23:08:09 - [TEST_STEP][PASSED] - closeBrowser: Browser is closed

2018-05-10 23:08:10 - [MESSAGE][PASSED] - Browser is closed]]></system-out>
         <system-err><![CDATA[]]></system-err>
      </testcase>
      <testcase name="Test Cases/Test admin check total transaction" classname="Test Cases/Test admin check total transaction" status="PASSED">
         <system-out><![CDATA[2018-05-10 23:08:10 - [TEST_CASE][PASSED] - Test Cases/Test admin check total transaction: Test Cases/Test admin check total transaction

2018-05-10 23:08:10 - [TEST_STEP][PASSED] - openBrowser: Browser is opened with url: ''

2018-05-10 23:08:12 - [MESSAGE][PASSED] - Browser is opened with url: ''

2018-05-10 23:08:12 - [TEST_STEP][PASSED] - navigateToUrl: Navigate to 'http://34.208.44.70:8087/' successfully

2018-05-10 23:08:18 - [MESSAGE][PASSED] - Navigate to 'http://34.208.44.70:8087/' successfully

2018-05-10 23:08:18 - [TEST_STEP][PASSED] - setText: Text 'admin' is set on object 'Object Repository/Test admin check total transaction/Page_ProjectBackend/input_username'

2018-05-10 23:08:19 - [MESSAGE][PASSED] - Text 'admin' is set on object 'Object Repository/Test admin check total transaction/Page_ProjectBackend/input_username'

2018-05-10 23:08:19 - [TEST_STEP][PASSED] - setText: Text 'admin' is set on object 'Object Repository/Test admin check total transaction/Page_ProjectBackend/input_password'

2018-05-10 23:08:19 - [MESSAGE][PASSED] - Text 'admin' is set on object 'Object Repository/Test admin check total transaction/Page_ProjectBackend/input_password'

2018-05-10 23:08:19 - [TEST_STEP][PASSED] - click: Object: 'Object Repository/Test admin check total transaction/Page_ProjectBackend/button_Login' is clicked on

2018-05-10 23:08:19 - [MESSAGE][PASSED] - Object: 'Object Repository/Test admin check total transaction/Page_ProjectBackend/button_Login' is clicked on

2018-05-10 23:08:19 - [TEST_STEP][PASSED] - click: Object: 'Object Repository/Test admin check total transaction/Page_ProjectBackend/a_Total Transaction' is clicked on

2018-05-10 23:08:20 - [MESSAGE][PASSED] - Object: 'Object Repository/Test admin check total transaction/Page_ProjectBackend/a_Total Transaction' is clicked on

2018-05-10 23:08:20 - [TEST_STEP][PASSED] - click: Object: 'Object Repository/Test admin check total transaction/Page_ProjectBackend/td_1' is clicked on

2018-05-10 23:08:20 - [MESSAGE][PASSED] - Object: 'Object Repository/Test admin check total transaction/Page_ProjectBackend/td_1' is clicked on

2018-05-10 23:08:20 - [TEST_STEP][PASSED] - click: Object: 'Object Repository/Test admin check total transaction/Page_ProjectBackend/td_Garden Papaya' is clicked on

2018-05-10 23:08:21 - [MESSAGE][PASSED] - Object: 'Object Repository/Test admin check total transaction/Page_ProjectBackend/td_Garden Papaya' is clicked on

2018-05-10 23:08:21 - [TEST_STEP][PASSED] - click: Object: 'Object Repository/Test admin check total transaction/Page_ProjectBackend/td_20120 THB' is clicked on

2018-05-10 23:08:21 - [MESSAGE][PASSED] - Object: 'Object Repository/Test admin check total transaction/Page_ProjectBackend/td_20120 THB' is clicked on

2018-05-10 23:08:21 - [TEST_STEP][PASSED] - click: Object: 'Object Repository/Test admin check total transaction/Page_ProjectBackend/td_2' is clicked on

2018-05-10 23:08:21 - [MESSAGE][PASSED] - Object: 'Object Repository/Test admin check total transaction/Page_ProjectBackend/td_2' is clicked on

2018-05-10 23:08:21 - [TEST_STEP][PASSED] - click: Object: 'Object Repository/Test admin check total transaction/Page_ProjectBackend/td_Banana Garden Banana Rambut' is clicked on

2018-05-10 23:08:21 - [MESSAGE][PASSED] - Object: 'Object Repository/Test admin check total transaction/Page_ProjectBackend/td_Banana Garden Banana Rambut' is clicked on

2018-05-10 23:08:21 - [TEST_STEP][PASSED] - click: Object: 'Object Repository/Test admin check total transaction/Page_ProjectBackend/td_60570 THB' is clicked on

2018-05-10 23:08:21 - [MESSAGE][PASSED] - Object: 'Object Repository/Test admin check total transaction/Page_ProjectBackend/td_60570 THB' is clicked on

2018-05-10 23:08:21 - [TEST_STEP][PASSED] - closeBrowser: Browser is closed

2018-05-10 23:08:22 - [MESSAGE][PASSED] - Browser is closed]]></system-out>
         <system-err><![CDATA[]]></system-err>
      </testcase>
      <testcase name="Test Cases/Test admin login" classname="Test Cases/Test admin login" status="PASSED">
         <system-out><![CDATA[2018-05-10 23:08:22 - [TEST_CASE][PASSED] - Test Cases/Test admin login: Test Cases/Test admin login

2018-05-10 23:08:22 - [TEST_STEP][PASSED] - openBrowser: Browser is opened with url: ''

2018-05-10 23:08:24 - [MESSAGE][PASSED] - Browser is opened with url: ''

2018-05-10 23:08:24 - [TEST_STEP][PASSED] - navigateToUrl: Navigate to 'http://34.208.44.70:8087/' successfully

2018-05-10 23:08:29 - [MESSAGE][PASSED] - Navigate to 'http://34.208.44.70:8087/' successfully

2018-05-10 23:08:29 - [TEST_STEP][PASSED] - setText: Text 'admin' is set on object 'Object Repository/Test admin login/Page_ProjectBackend/input_username'

2018-05-10 23:08:29 - [MESSAGE][PASSED] - Text 'admin' is set on object 'Object Repository/Test admin login/Page_ProjectBackend/input_username'

2018-05-10 23:08:29 - [TEST_STEP][PASSED] - setText: Text 'admin' is set on object 'Object Repository/Test admin login/Page_ProjectBackend/input_password'

2018-05-10 23:08:29 - [MESSAGE][PASSED] - Text 'admin' is set on object 'Object Repository/Test admin login/Page_ProjectBackend/input_password'

2018-05-10 23:08:29 - [TEST_STEP][PASSED] - click: Object: 'Object Repository/Test admin login/Page_ProjectBackend/button_Login' is clicked on

2018-05-10 23:08:29 - [MESSAGE][PASSED] - Object: 'Object Repository/Test admin login/Page_ProjectBackend/button_Login' is clicked on

2018-05-10 23:08:29 - [TEST_STEP][PASSED] - verifyElementText: Actual text and expected text of test object 'Object Repository/Test admin login/Page_ProjectBackend/a_Products' are matched.

2018-05-10 23:08:30 - [MESSAGE][PASSED] - Actual text and expected text of test object 'Object Repository/Test admin login/Page_ProjectBackend/a_Products' are matched.

2018-05-10 23:08:30 - [TEST_STEP][PASSED] - verifyElementText: Actual text and expected text of test object 'Object Repository/Test admin login/Page_ProjectBackend/a_Total Transaction' are matched.

2018-05-10 23:08:30 - [MESSAGE][PASSED] - Actual text and expected text of test object 'Object Repository/Test admin login/Page_ProjectBackend/a_Total Transaction' are matched.

2018-05-10 23:08:30 - [TEST_STEP][PASSED] - closeBrowser: Browser is closed

2018-05-10 23:08:31 - [MESSAGE][PASSED] - Browser is closed]]></system-out>
         <system-err><![CDATA[]]></system-err>
      </testcase>
      <testcase name="Test Cases/Test user change amount-edited" classname="Test Cases/Test user change amount-edited" status="PASSED">
         <system-out><![CDATA[2018-05-10 23:08:31 - [TEST_CASE][PASSED] - Test Cases/Test user change amount-edited: Test Cases/Test user change amount-edited

2018-05-10 23:08:31 - [TEST_STEP][PASSED] - openBrowser: Browser is opened with url: ''

2018-05-10 23:08:33 - [MESSAGE][PASSED] - Browser is opened with url: ''

2018-05-10 23:08:33 - [TEST_STEP][PASSED] - navigateToUrl: Navigate to 'http://34.208.44.70:8087/' successfully

2018-05-10 23:08:38 - [MESSAGE][PASSED] - Navigate to 'http://34.208.44.70:8087/' successfully

2018-05-10 23:08:38 - [TEST_STEP][PASSED] - setText: Text 'user' is set on object 'Object Repository/Test user change amount-edited/Page_ProjectBackend/input_username'

2018-05-10 23:08:38 - [MESSAGE][PASSED] - Text 'user' is set on object 'Object Repository/Test user change amount-edited/Page_ProjectBackend/input_username'

2018-05-10 23:08:38 - [TEST_STEP][PASSED] - setText: Text 'user' is set on object 'Object Repository/Test user change amount-edited/Page_ProjectBackend/input_password'

2018-05-10 23:08:38 - [MESSAGE][PASSED] - Text 'user' is set on object 'Object Repository/Test user change amount-edited/Page_ProjectBackend/input_password'

2018-05-10 23:08:38 - [TEST_STEP][PASSED] - click: Object: 'Object Repository/Test user change amount-edited/Page_ProjectBackend/button_Login' is clicked on

2018-05-10 23:08:38 - [MESSAGE][PASSED] - Object: 'Object Repository/Test user change amount-edited/Page_ProjectBackend/button_Login' is clicked on

2018-05-10 23:08:38 - [TEST_STEP][PASSED] - click: Object: 'Object Repository/Test user change amount-edited/Page_ProjectBackend/button_add to cart' is clicked on

2018-05-10 23:08:39 - [MESSAGE][PASSED] - Object: 'Object Repository/Test user change amount-edited/Page_ProjectBackend/button_add to cart' is clicked on

2018-05-10 23:08:39 - [TEST_STEP][PASSED] - click: Object: 'Object Repository/Test user change amount-edited/Page_ProjectBackend/a_Carts            1' is clicked on

2018-05-10 23:08:39 - [MESSAGE][PASSED] - Object: 'Object Repository/Test user change amount-edited/Page_ProjectBackend/a_Carts            1' is clicked on

2018-05-10 23:08:39 - [TEST_STEP][PASSED] - setText: Text '3' is set on object 'Object Repository/Test user change amount-edited/Page_ProjectBackend/input_amount'

2018-05-10 23:08:39 - [MESSAGE][PASSED] - Text '3' is set on object 'Object Repository/Test user change amount-edited/Page_ProjectBackend/input_amount'

2018-05-10 23:08:39 - [TEST_STEP][PASSED] - click: Object: 'Object Repository/Test user change amount-edited/Page_ProjectBackend/p_Total price  60000 THB' is clicked on

2018-05-10 23:08:40 - [MESSAGE][PASSED] - Object: 'Object Repository/Test user change amount-edited/Page_ProjectBackend/p_Total price  60000 THB' is clicked on

2018-05-10 23:08:40 - [TEST_STEP][PASSED] - click: Object: 'Object Repository/Test user change amount-edited/Page_ProjectBackend/button_confirm' is clicked on

2018-05-10 23:08:40 - [MESSAGE][PASSED] - Object: 'Object Repository/Test user change amount-edited/Page_ProjectBackend/button_confirm' is clicked on

2018-05-10 23:08:40 - [TEST_STEP][PASSED] - acceptAlert: Alert accepted

2018-05-10 23:08:40 - [MESSAGE][PASSED] - Alert accepted

2018-05-10 23:08:40 - [TEST_STEP][PASSED] - click: Object: 'Object Repository/Test user change amount-edited/Page_ProjectBackend/div_Well done You successfully' is clicked on

2018-05-10 23:08:40 - [MESSAGE][PASSED] - Object: 'Object Repository/Test user change amount-edited/Page_ProjectBackend/div_Well done You successfully' is clicked on

2018-05-10 23:08:40 - [TEST_STEP][PASSED] - closeBrowser: Browser is closed

2018-05-10 23:08:41 - [MESSAGE][PASSED] - Browser is closed]]></system-out>
         <system-err><![CDATA[]]></system-err>
      </testcase>
      <testcase name="Test Cases/Test user login" classname="Test Cases/Test user login" status="PASSED">
         <system-out><![CDATA[2018-05-10 23:08:41 - [TEST_CASE][PASSED] - Test Cases/Test user login: Test Cases/Test user login

2018-05-10 23:08:41 - [TEST_STEP][PASSED] - openBrowser: Browser is opened with url: ''

2018-05-10 23:08:43 - [MESSAGE][PASSED] - Browser is opened with url: ''

2018-05-10 23:08:43 - [TEST_STEP][PASSED] - navigateToUrl: Navigate to 'http://34.208.44.70:8087/' successfully

2018-05-10 23:08:49 - [MESSAGE][PASSED] - Navigate to 'http://34.208.44.70:8087/' successfully

2018-05-10 23:08:49 - [TEST_STEP][PASSED] - setText: Text 'user' is set on object 'Object Repository/Test user login/Page_ProjectBackend/input_username'

2018-05-10 23:08:49 - [MESSAGE][PASSED] - Text 'user' is set on object 'Object Repository/Test user login/Page_ProjectBackend/input_username'

2018-05-10 23:08:49 - [TEST_STEP][PASSED] - setText: Text 'user' is set on object 'Object Repository/Test user login/Page_ProjectBackend/input_password'

2018-05-10 23:08:49 - [MESSAGE][PASSED] - Text 'user' is set on object 'Object Repository/Test user login/Page_ProjectBackend/input_password'

2018-05-10 23:08:49 - [TEST_STEP][PASSED] - click: Object: 'Object Repository/Test user login/Page_ProjectBackend/button_Login' is clicked on

2018-05-10 23:08:49 - [MESSAGE][PASSED] - Object: 'Object Repository/Test user login/Page_ProjectBackend/button_Login' is clicked on

2018-05-10 23:08:49 - [TEST_STEP][PASSED] - click: Object: 'Object Repository/Test user login/Page_ProjectBackend/a_Products' is clicked on

2018-05-10 23:08:50 - [MESSAGE][PASSED] - Object: 'Object Repository/Test user login/Page_ProjectBackend/a_Products' is clicked on

2018-05-10 23:08:50 - [TEST_STEP][PASSED] - click: Object: 'Object Repository/Test user login/Page_ProjectBackend/a_Carts' is clicked on

2018-05-10 23:08:50 - [MESSAGE][PASSED] - Object: 'Object Repository/Test user login/Page_ProjectBackend/a_Carts' is clicked on

2018-05-10 23:08:50 - [TEST_STEP][PASSED] - closeBrowser: Browser is closed

2018-05-10 23:08:51 - [MESSAGE][PASSED] - Browser is closed]]></system-out>
         <system-err><![CDATA[]]></system-err>
      </testcase>
      <testcase name="Test Cases/Test user logout" classname="Test Cases/Test user logout" status="PASSED">
         <system-out><![CDATA[2018-05-10 23:08:51 - [TEST_CASE][PASSED] - Test Cases/Test user logout: Test Cases/Test user logout

2018-05-10 23:08:51 - [TEST_STEP][PASSED] - openBrowser: Browser is opened with url: ''

2018-05-10 23:08:53 - [MESSAGE][PASSED] - Browser is opened with url: ''

2018-05-10 23:08:53 - [TEST_STEP][PASSED] - navigateToUrl: Navigate to 'http://34.208.44.70:8087/' successfully

2018-05-10 23:08:59 - [MESSAGE][PASSED] - Navigate to 'http://34.208.44.70:8087/' successfully

2018-05-10 23:08:59 - [TEST_STEP][PASSED] - setText: Text 'user' is set on object 'Object Repository/Test user logout/Page_ProjectBackend/input_username'

2018-05-10 23:08:59 - [MESSAGE][PASSED] - Text 'user' is set on object 'Object Repository/Test user logout/Page_ProjectBackend/input_username'

2018-05-10 23:08:59 - [TEST_STEP][PASSED] - setText: Text 'user' is set on object 'Object Repository/Test user logout/Page_ProjectBackend/input_password'

2018-05-10 23:08:59 - [MESSAGE][PASSED] - Text 'user' is set on object 'Object Repository/Test user logout/Page_ProjectBackend/input_password'

2018-05-10 23:08:59 - [TEST_STEP][PASSED] - click: Object: 'Object Repository/Test user logout/Page_ProjectBackend/button_Login' is clicked on

2018-05-10 23:08:59 - [MESSAGE][PASSED] - Object: 'Object Repository/Test user logout/Page_ProjectBackend/button_Login' is clicked on

2018-05-10 23:08:59 - [TEST_STEP][PASSED] - click: Object: 'Object Repository/Test user logout/Page_ProjectBackend/button_Logout' is clicked on

2018-05-10 23:09:00 - [MESSAGE][PASSED] - Object: 'Object Repository/Test user logout/Page_ProjectBackend/button_Logout' is clicked on

2018-05-10 23:09:00 - [TEST_STEP][PASSED] - click: Object: 'Object Repository/Test user logout/Page_ProjectBackend/h2_Login' is clicked on

2018-05-10 23:09:00 - [MESSAGE][PASSED] - Object: 'Object Repository/Test user logout/Page_ProjectBackend/h2_Login' is clicked on

2018-05-10 23:09:00 - [TEST_STEP][PASSED] - closeBrowser: Browser is closed

2018-05-10 23:09:01 - [MESSAGE][PASSED] - Browser is closed]]></system-out>
         <system-err><![CDATA[]]></system-err>
      </testcase>
      <testcase name="Test Cases/Test user logout" classname="Test Cases/Test user logout" status="PASSED">
         <system-out><![CDATA[2018-05-10 23:09:01 - [TEST_CASE][PASSED] - Test Cases/Test user logout: Test Cases/Test user logout

2018-05-10 23:09:01 - [TEST_STEP][PASSED] - openBrowser: Browser is opened with url: ''

2018-05-10 23:09:03 - [MESSAGE][PASSED] - Browser is opened with url: ''

2018-05-10 23:09:03 - [TEST_STEP][PASSED] - navigateToUrl: Navigate to 'http://34.208.44.70:8087/' successfully

2018-05-10 23:09:08 - [MESSAGE][PASSED] - Navigate to 'http://34.208.44.70:8087/' successfully

2018-05-10 23:09:08 - [TEST_STEP][PASSED] - setText: Text 'admin' is set on object 'Object Repository/Test user logout/Page_ProjectBackend/input_username'

2018-05-10 23:09:08 - [MESSAGE][PASSED] - Text 'admin' is set on object 'Object Repository/Test user logout/Page_ProjectBackend/input_username'

2018-05-10 23:09:08 - [TEST_STEP][PASSED] - setText: Text 'admin' is set on object 'Object Repository/Test user logout/Page_ProjectBackend/input_password'

2018-05-10 23:09:08 - [MESSAGE][PASSED] - Text 'admin' is set on object 'Object Repository/Test user logout/Page_ProjectBackend/input_password'

2018-05-10 23:09:08 - [TEST_STEP][PASSED] - click: Object: 'Object Repository/Test user logout/Page_ProjectBackend/button_Login' is clicked on

2018-05-10 23:09:08 - [MESSAGE][PASSED] - Object: 'Object Repository/Test user logout/Page_ProjectBackend/button_Login' is clicked on

2018-05-10 23:09:08 - [TEST_STEP][PASSED] - click: Object: 'Object Repository/Test user logout/Page_ProjectBackend/button_Logout' is clicked on

2018-05-10 23:09:09 - [MESSAGE][PASSED] - Object: 'Object Repository/Test user logout/Page_ProjectBackend/button_Logout' is clicked on

2018-05-10 23:09:09 - [TEST_STEP][PASSED] - click: Object: 'Object Repository/Test user logout/Page_ProjectBackend/h2_Login' is clicked on

2018-05-10 23:09:09 - [MESSAGE][PASSED] - Object: 'Object Repository/Test user logout/Page_ProjectBackend/h2_Login' is clicked on

2018-05-10 23:09:09 - [TEST_STEP][PASSED] - closeBrowser: Browser is closed

2018-05-10 23:09:10 - [MESSAGE][PASSED] - Browser is closed]]></system-out>
         <system-err><![CDATA[]]></system-err>
      </testcase>
      <testcase name="Test Cases/Test user see available product" classname="Test Cases/Test user see available product" status="PASSED">
         <system-out><![CDATA[2018-05-10 23:09:10 - [TEST_CASE][PASSED] - Test Cases/Test user see available product: Test Cases/Test user see available product

2018-05-10 23:09:10 - [TEST_STEP][PASSED] - openBrowser: Browser is opened with url: ''

2018-05-10 23:09:12 - [MESSAGE][PASSED] - Browser is opened with url: ''

2018-05-10 23:09:12 - [TEST_STEP][PASSED] - navigateToUrl: Navigate to 'http://34.208.44.70:8087/' successfully

2018-05-10 23:09:18 - [MESSAGE][PASSED] - Navigate to 'http://34.208.44.70:8087/' successfully

2018-05-10 23:09:18 - [TEST_STEP][PASSED] - setText: Text 'user' is set on object 'Object Repository/Test user see available product/Page_ProjectBackend/input_username'

2018-05-10 23:09:18 - [MESSAGE][PASSED] - Text 'user' is set on object 'Object Repository/Test user see available product/Page_ProjectBackend/input_username'

2018-05-10 23:09:18 - [TEST_STEP][PASSED] - setText: Text 'user' is set on object 'Object Repository/Test user see available product/Page_ProjectBackend/input_password'

2018-05-10 23:09:18 - [MESSAGE][PASSED] - Text 'user' is set on object 'Object Repository/Test user see available product/Page_ProjectBackend/input_password'

2018-05-10 23:09:18 - [TEST_STEP][PASSED] - click: Object: 'Object Repository/Test user see available product/Page_ProjectBackend/button_Login' is clicked on

2018-05-10 23:09:18 - [MESSAGE][PASSED] - Object: 'Object Repository/Test user see available product/Page_ProjectBackend/button_Login' is clicked on

2018-05-10 23:09:18 - [TEST_STEP][PASSED] - click: Object: 'Object Repository/Test user see available product/Page_ProjectBackend/h5_Garden' is clicked on

2018-05-10 23:09:19 - [MESSAGE][PASSED] - Object: 'Object Repository/Test user see available product/Page_ProjectBackend/h5_Garden' is clicked on

2018-05-10 23:09:19 - [TEST_STEP][PASSED] - click: Object: 'Object Repository/Test user see available product/Page_ProjectBackend/p_The garden which you can gro' is clicked on

2018-05-10 23:09:19 - [MESSAGE][PASSED] - Object: 'Object Repository/Test user see available product/Page_ProjectBackend/p_The garden which you can gro' is clicked on

2018-05-10 23:09:19 - [TEST_STEP][PASSED] - click: Object: 'Object Repository/Test user see available product/Page_ProjectBackend/h5_Banana' is clicked on

2018-05-10 23:09:19 - [MESSAGE][PASSED] - Object: 'Object Repository/Test user see available product/Page_ProjectBackend/h5_Banana' is clicked on

2018-05-10 23:09:19 - [TEST_STEP][PASSED] - click: Object: 'Object Repository/Test user see available product/Page_ProjectBackend/p_A good fruit with very cheap' is clicked on

2018-05-10 23:09:19 - [MESSAGE][PASSED] - Object: 'Object Repository/Test user see available product/Page_ProjectBackend/p_A good fruit with very cheap' is clicked on

2018-05-10 23:09:19 - [TEST_STEP][PASSED] - closeBrowser: Browser is closed

2018-05-10 23:09:20 - [MESSAGE][PASSED] - Browser is closed]]></system-out>
         <system-err><![CDATA[]]></system-err>
      </testcase>
      <testcase name="Test Cases/Test user see available product" classname="Test Cases/Test user see available product" status="PASSED">
         <system-out><![CDATA[2018-05-10 23:09:20 - [TEST_CASE][PASSED] - Test Cases/Test user see available product: Test Cases/Test user see available product

2018-05-10 23:09:20 - [TEST_STEP][PASSED] - openBrowser: Browser is opened with url: ''

2018-05-10 23:09:22 - [MESSAGE][PASSED] - Browser is opened with url: ''

2018-05-10 23:09:22 - [TEST_STEP][PASSED] - navigateToUrl: Navigate to 'http://34.208.44.70:8087/' successfully

2018-05-10 23:09:28 - [MESSAGE][PASSED] - Navigate to 'http://34.208.44.70:8087/' successfully

2018-05-10 23:09:28 - [TEST_STEP][PASSED] - setText: Text 'admin' is set on object 'Object Repository/Test user see available product/Page_ProjectBackend/input_username'

2018-05-10 23:09:28 - [MESSAGE][PASSED] - Text 'admin' is set on object 'Object Repository/Test user see available product/Page_ProjectBackend/input_username'

2018-05-10 23:09:28 - [TEST_STEP][PASSED] - setText: Text 'admin' is set on object 'Object Repository/Test user see available product/Page_ProjectBackend/input_password'

2018-05-10 23:09:28 - [MESSAGE][PASSED] - Text 'admin' is set on object 'Object Repository/Test user see available product/Page_ProjectBackend/input_password'

2018-05-10 23:09:28 - [TEST_STEP][PASSED] - click: Object: 'Object Repository/Test user see available product/Page_ProjectBackend/button_Login' is clicked on

2018-05-10 23:09:28 - [MESSAGE][PASSED] - Object: 'Object Repository/Test user see available product/Page_ProjectBackend/button_Login' is clicked on

2018-05-10 23:09:28 - [TEST_STEP][PASSED] - click: Object: 'Object Repository/Test user see available product/Page_ProjectBackend/h5_Garden' is clicked on

2018-05-10 23:09:29 - [MESSAGE][PASSED] - Object: 'Object Repository/Test user see available product/Page_ProjectBackend/h5_Garden' is clicked on

2018-05-10 23:09:29 - [TEST_STEP][PASSED] - click: Object: 'Object Repository/Test user see available product/Page_ProjectBackend/p_The garden which you can gro' is clicked on

2018-05-10 23:09:29 - [MESSAGE][PASSED] - Object: 'Object Repository/Test user see available product/Page_ProjectBackend/p_The garden which you can gro' is clicked on

2018-05-10 23:09:29 - [TEST_STEP][PASSED] - click: Object: 'Object Repository/Test user see available product/Page_ProjectBackend/h5_Banana' is clicked on

2018-05-10 23:09:29 - [MESSAGE][PASSED] - Object: 'Object Repository/Test user see available product/Page_ProjectBackend/h5_Banana' is clicked on

2018-05-10 23:09:29 - [TEST_STEP][PASSED] - click: Object: 'Object Repository/Test user see available product/Page_ProjectBackend/p_A good fruit with very cheap' is clicked on

2018-05-10 23:09:29 - [MESSAGE][PASSED] - Object: 'Object Repository/Test user see available product/Page_ProjectBackend/p_A good fruit with very cheap' is clicked on

2018-05-10 23:09:29 - [TEST_STEP][PASSED] - closeBrowser: Browser is closed

2018-05-10 23:09:30 - [MESSAGE][PASSED] - Browser is closed]]></system-out>
         <system-err><![CDATA[]]></system-err>
      </testcase>
      <testcase name="Test Cases/Test user selecte product" classname="Test Cases/Test user selecte product" status="FAILED">
         <failure type="FAILED" message="Verify element text of test object 'Object Repository/Test user select product/Page_ProjectBackend/button_add to cart - already added' FAILED. (Root cause: Actual text 'add to cart' and expected text 'already added' of test object 'Object Repository/Test user select product/Page_ProjectBackend/button_add to cart - already added' are NOT matched.)"/>
         <system-out><![CDATA[2018-05-10 23:09:30 - [TEST_CASE][FAILED] - Test Cases/Test user selecte product: Test Cases/Test user selecte product FAILED because (of) Verify element text of test object 'Object Repository/Test user select product/Page_ProjectBackend/button_add to cart - already added' FAILED. (Root cause: Actual text 'add to cart' and expected text 'already added' of test object 'Object Repository/Test user select product/Page_ProjectBackend/button_add to cart - already added' are NOT matched.)

2018-05-10 23:09:30 - [TEST_STEP][PASSED] - openBrowser: Browser is opened with url: ''

2018-05-10 23:09:32 - [MESSAGE][PASSED] - Browser is opened with url: ''

2018-05-10 23:09:32 - [TEST_STEP][PASSED] - navigateToUrl: Navigate to 'http://34.208.44.70:8087/' successfully

2018-05-10 23:09:38 - [MESSAGE][PASSED] - Navigate to 'http://34.208.44.70:8087/' successfully

2018-05-10 23:09:38 - [TEST_STEP][PASSED] - setText: Text 'user' is set on object 'Object Repository/Test user select product/Page_ProjectBackend/input_username'

2018-05-10 23:09:38 - [MESSAGE][PASSED] - Text 'user' is set on object 'Object Repository/Test user select product/Page_ProjectBackend/input_username'

2018-05-10 23:09:38 - [TEST_STEP][PASSED] - setText: Text 'user' is set on object 'Object Repository/Test user select product/Page_ProjectBackend/input_password'

2018-05-10 23:09:38 - [MESSAGE][PASSED] - Text 'user' is set on object 'Object Repository/Test user select product/Page_ProjectBackend/input_password'

2018-05-10 23:09:38 - [TEST_STEP][PASSED] - click: Object: 'Object Repository/Test user select product/Page_ProjectBackend/button_Login' is clicked on

2018-05-10 23:09:38 - [MESSAGE][PASSED] - Object: 'Object Repository/Test user select product/Page_ProjectBackend/button_Login' is clicked on

2018-05-10 23:09:38 - [TEST_STEP][PASSED] - click: Object: 'Object Repository/Test user select product/Page_ProjectBackend/button_add to cart' is clicked on

2018-05-10 23:09:39 - [MESSAGE][PASSED] - Object: 'Object Repository/Test user select product/Page_ProjectBackend/button_add to cart' is clicked on

2018-05-10 23:09:39 - [TEST_STEP][FAILED] - verifyElementText: Verify element text of test object 'Object Repository/Test user select product/Page_ProjectBackend/button_add to cart - already added' FAILED. (Root cause: Actual text 'add to cart' and expected text 'already added' of test object 'Object Repository/Test user select product/Page_ProjectBackend/button_add to cart - already added' are NOT matched.)

2018-05-10 23:09:40 - [MESSAGE][FAILED] - Actual text 'add to cart' and expected text 'already added' of test object 'Object Repository/Test user select product/Page_ProjectBackend/button_add to cart - already added' are NOT matched.
[[ATTACHMENT|C:\\Users\\frong\\git\\234project-katalon\\Reports\\TestAll\\20180510_230732\\1525968580037.png]]

2018-05-10 23:09:40 - [MESSAGE][FAILED] - Verify element text of test object 'Object Repository/Test user select product/Page_ProjectBackend/button_add to cart - already added' FAILED. (Root cause: Actual text 'add to cart' and expected text 'already added' of test object 'Object Repository/Test user select product/Page_ProjectBackend/button_add to cart - already added' are NOT matched.)
[[ATTACHMENT|C:\\Users\\frong\\git\\234project-katalon\\Reports\\TestAll\\20180510_230732\\1525968580292.png]]]]></system-out>
         <system-err><![CDATA[2018-05-10 23:09:30 - [TEST_CASE][FAILED] - Test Cases/Test user selecte product: Test Cases/Test user selecte product FAILED because (of) Verify element text of test object 'Object Repository/Test user select product/Page_ProjectBackend/button_add to cart - already added' FAILED. (Root cause: Actual text 'add to cart' and expected text 'already added' of test object 'Object Repository/Test user select product/Page_ProjectBackend/button_add to cart - already added' are NOT matched.)]]></system-err>
      </testcase>
      <testcase name="Test Cases/Test wrong user and password" classname="Test Cases/Test wrong user and password" status="PASSED">
         <system-out><![CDATA[2018-05-10 23:09:40 - [TEST_CASE][PASSED] - Test Cases/Test wrong user and password: Test Cases/Test wrong user and password

2018-05-10 23:09:40 - [TEST_STEP][PASSED] - openBrowser: Browser is opened with url: ''

2018-05-10 23:09:40 - [MESSAGE][WARNING] - A browser is already opened. Closing browser and opening a new one

2018-05-10 23:09:43 - [MESSAGE][PASSED] - Browser is opened with url: ''

2018-05-10 23:09:43 - [TEST_STEP][PASSED] - navigateToUrl: Navigate to 'http://34.208.44.70:8087/' successfully

2018-05-10 23:09:52 - [MESSAGE][PASSED] - Navigate to 'http://34.208.44.70:8087/' successfully

2018-05-10 23:09:52 - [TEST_STEP][PASSED] - setText: Text 'hgt' is set on object 'Object Repository/Test user and psaaword/Page_ProjectBackend/input_username'

2018-05-10 23:09:52 - [MESSAGE][PASSED] - Text 'hgt' is set on object 'Object Repository/Test user and psaaword/Page_ProjectBackend/input_username'

2018-05-10 23:09:52 - [TEST_STEP][PASSED] - setText: Text '5578' is set on object 'Object Repository/Test user and psaaword/Page_ProjectBackend/input_password'

2018-05-10 23:09:52 - [MESSAGE][PASSED] - Text '5578' is set on object 'Object Repository/Test user and psaaword/Page_ProjectBackend/input_password'

2018-05-10 23:09:52 - [TEST_STEP][PASSED] - click: Object: 'Object Repository/Test user and psaaword/Page_ProjectBackend/button_Login' is clicked on

2018-05-10 23:09:52 - [MESSAGE][PASSED] - Object: 'Object Repository/Test user and psaaword/Page_ProjectBackend/button_Login' is clicked on

2018-05-10 23:09:52 - [TEST_STEP][PASSED] - click: Object: 'Object Repository/Test user and psaaword/Page_ProjectBackend/label_Usernamepassword is inco' is clicked on

2018-05-10 23:09:53 - [MESSAGE][PASSED] - Object: 'Object Repository/Test user and psaaword/Page_ProjectBackend/label_Usernamepassword is inco' is clicked on

2018-05-10 23:09:53 - [TEST_STEP][PASSED] - closeBrowser: Browser is closed

2018-05-10 23:09:54 - [MESSAGE][PASSED] - Browser is closed]]></system-out>
         <system-err><![CDATA[]]></system-err>
      </testcase>
      <system-out><![CDATA[2018-05-10 23:07:34 - [TEST_SUITE][FAILED] - TestAll: Test Cases/Test user selecte product FAILED because (of) Verify element text of test object 'Object Repository/Test user select product/Page_ProjectBackend/button_add to cart - already added' FAILED. (Root cause: Actual text 'add to cart' and expected text 'already added' of test object 'Object Repository/Test user select product/Page_ProjectBackend/button_add to cart - already added' are NOT matched.)]]></system-out>
      <system-err><![CDATA[2018-05-10 23:07:34 - [TEST_SUITE][FAILED] - TestAll: Test Cases/Test user selecte product FAILED because (of) Verify element text of test object 'Object Repository/Test user select product/Page_ProjectBackend/button_add to cart - already added' FAILED. (Root cause: Actual text 'add to cart' and expected text 'already added' of test object 'Object Repository/Test user select product/Page_ProjectBackend/button_add to cart - already added' are NOT matched.)]]></system-err>
   </testsuite>
</testsuites>
